<?xml version="1.0" encoding="UTF-8" ?>
<testsuite tests="2" failures="0" name="una.ac.cr.consultoriofrontend.OfficesListJUnitTest" time="0.46" errors="2" skipped="0">
  <properties>
    <property name="java.runtime.name" value="Java(TM) SE Runtime Environment"/>
    <property name="sun.boot.library.path" value="/usr/local/java/jdk1.8.0_121/jre/lib/amd64"/>
    <property name="java.vm.version" value="25.121-b13"/>
    <property name="java.vm.vendor" value="Oracle Corporation"/>
    <property name="java.vendor.url" value="http://java.oracle.com/"/>
    <property name="path.separator" value=":"/>
    <property name="guice.disable.misplaced.annotation.check" value="true"/>
    <property name="java.vm.name" value="Java HotSpot(TM) 64-Bit Server VM"/>
    <property name="file.encoding.pkg" value="sun.io"/>
    <property name="user.country" value="CR"/>
    <property name="sun.java.launcher" value="SUN_STANDARD"/>
    <property name="sun.os.patch.level" value="unknown"/>
    <property name="java.vm.specification.name" value="Java Virtual Machine Specification"/>
    <property name="user.dir" value="/home/cristian/Escritorio/proyectoProgra/ConsultorioFrontend"/>
    <property name="java.runtime.version" value="1.8.0_121-b13"/>
    <property name="java.awt.graphicsenv" value="sun.awt.X11GraphicsEnvironment"/>
    <property name="java.endorsed.dirs" value="/usr/local/java/jdk1.8.0_121/jre/lib/endorsed"/>
    <property name="os.arch" value="amd64"/>
    <property name="java.io.tmpdir" value="/tmp"/>
    <property name="line.separator" value="
"/>
    <property name="java.vm.specification.vendor" value="Oracle Corporation"/>
    <property name="os.name" value="Linux"/>
    <property name="maven.ext.class.path" value="/home/cristian/netbeans-8.2/java/maven-nblib/netbeans-eventspy.jar"/>
    <property name="classworlds.conf" value="/home/cristian/netbeans-8.2/java/maven/bin/m2.conf"/>
    <property name="sun.jnu.encoding" value="UTF-8"/>
    <property name="java.library.path" value="/usr/local/java/jdk1.8.0_121//jre/lib/amd64:/usr/local/java/jdk1.8.0_121//jre/lib/i386::/usr/java/packages/lib/amd64:/usr/lib64:/lib64:/lib:/usr/lib"/>
    <property name="java.specification.name" value="Java Platform API Specification"/>
    <property name="java.class.version" value="52.0"/>
    <property name="sun.management.compiler" value="HotSpot 64-Bit Tiered Compilers"/>
    <property name="os.version" value="4.4.0-59-generic"/>
    <property name="user.home" value="/home/cristian"/>
    <property name="user.timezone" value="America/Costa_Rica"/>
    <property name="java.awt.printerjob" value="sun.print.PSPrinterJob"/>
    <property name="file.encoding" value="UTF-8"/>
    <property name="java.specification.version" value="1.8"/>
    <property name="user.name" value="cristian"/>
    <property name="java.class.path" value="/home/cristian/netbeans-8.2/java/maven/boot/plexus-classworlds-2.4.jar"/>
    <property name="java.vm.specification.version" value="1.8"/>
    <property name="sun.arch.data.model" value="64"/>
    <property name="java.home" value="/usr/local/java/jdk1.8.0_121/jre"/>
    <property name="sun.java.command" value="org.codehaus.plexus.classworlds.launcher.Launcher -Dmaven.ext.class.path=/home/cristian/netbeans-8.2/java/maven-nblib/netbeans-eventspy.jar clean install"/>
    <property name="java.specification.vendor" value="Oracle Corporation"/>
    <property name="user.language" value="es"/>
    <property name="awt.toolkit" value="sun.awt.X11.XToolkit"/>
    <property name="java.vm.info" value="mixed mode"/>
    <property name="java.version" value="1.8.0_121"/>
    <property name="java.ext.dirs" value="/usr/local/java/jdk1.8.0_121/jre/lib/ext:/usr/java/packages/lib/ext"/>
    <property name="securerandom.source" value="file:/dev/./urandom"/>
    <property name="sun.boot.class.path" value="/usr/local/java/jdk1.8.0_121/jre/lib/resources.jar:/usr/local/java/jdk1.8.0_121/jre/lib/rt.jar:/usr/local/java/jdk1.8.0_121/jre/lib/sunrsasign.jar:/usr/local/java/jdk1.8.0_121/jre/lib/jsse.jar:/usr/local/java/jdk1.8.0_121/jre/lib/jce.jar:/usr/local/java/jdk1.8.0_121/jre/lib/charsets.jar:/usr/local/java/jdk1.8.0_121/jre/lib/jfr.jar:/usr/local/java/jdk1.8.0_121/jre/classes"/>
    <property name="java.vendor" value="Oracle Corporation"/>
    <property name="maven.home" value="/home/cristian/netbeans-8.2/java/maven"/>
    <property name="file.separator" value="/"/>
    <property name="java.vendor.url.bug" value="http://bugreport.sun.com/bugreport/"/>
    <property name="sun.cpu.endian" value="little"/>
    <property name="sun.io.unicode.encoding" value="UnicodeLittle"/>
    <property name="sun.desktop" value="gnome"/>
    <property name="sun.cpu.isalist" value=""/>
  </properties>
  <testcase classname="una.ac.cr.consultoriofrontend.OfficesListJUnitTest" name="testVisibleComponents" time="0.202">
    <error message="Unrecognized field &quot;idOffice&quot; (class ac.cr.una.proyecto.java.model.Office), not marked as ignorable (5 known properties: &quot;name&quot;, &quot;phone&quot;, &quot;days&quot;, &quot;hourStart&quot;, &quot;hourEnd&quot;])
 at [Source: [{&quot;days&quot;:&quot;Lunes y Martes&quot;,&quot;hourEnd&quot;:&quot;5:00&quot;,&quot;hourStart&quot;:&quot;8:00&quot;,&quot;idOffice&quot;:1,&quot;name&quot;:&quot;Hospital CIMA&quot;,&quot;phone&quot;:&quot;22795122&quot;},{&quot;days&quot;:&quot;Jueves y Viernes&quot;,&quot;hourEnd&quot;:&quot;5:00&quot;,&quot;hourStart&quot;:&quot;8:00&quot;,&quot;idOffice&quot;:2,&quot;name&quot;:&quot;Centro Médico del Este&quot;,&quot;phone&quot;:&quot;22792761&quot;},{&quot;days&quot;:&quot;Miercoles&quot;,&quot;hourEnd&quot;:&quot;5:00&quot;,&quot;hourStart&quot;:&quot;8:00&quot;,&quot;idOffice&quot;:3,&quot;name&quot;:&quot;Nueva Clinica Tres Rios&quot;,&quot;phone&quot;:&quot;22795122&quot;},{&quot;days&quot;:&quot;Lunes y Martes&quot;,&quot;hourEnd&quot;:&quot;5:00&quot;,&quot;hourStart&quot;:&quot;8:00&quot;,&quot;idOffice&quot;:5,&quot;name&quot;:&quot;Hospital CIMA&quot;,&quot;phone&quot;:&quot;22795122&quot;},{&quot;days&quot;:&quot;Lunes y Martes&quot;,&quot;hourEnd&quot;:&quot;5:00&quot;,&quot;hourStart&quot;:&quot;8:00&quot;,&quot;idOffice&quot;:6,&quot;name&quot;:&quot;Hospital CIMA&quot;,&quot;phone&quot;:&quot;22795122&quot;},{&quot;days&quot;:&quot;Lunes y Martes&quot;,&quot;hourEnd&quot;:&quot;5:00&quot;,&quot;hourStart&quot;:&quot;8:00&quot;,&quot;idOffice&quot;:8,&quot;name&quot;:&quot;Hospital CIMA&quot;,&quot;phone&quot;:&quot;22795122&quot;}]; line: 1, column: 75] (through reference chain: java.lang.Object[][0]-&gt;ac.cr.una.proyecto.java.model.Office[&quot;idOffice&quot;])" type="com.fasterxml.jackson.databind.exc.UnrecognizedPropertyException">com.fasterxml.jackson.databind.exc.UnrecognizedPropertyException: Unrecognized field &quot;idOffice&quot; (class ac.cr.una.proyecto.java.model.Office), not marked as ignorable (5 known properties: &quot;name&quot;, &quot;phone&quot;, &quot;days&quot;, &quot;hourStart&quot;, &quot;hourEnd&quot;])
 at [Source: [{&quot;days&quot;:&quot;Lunes y Martes&quot;,&quot;hourEnd&quot;:&quot;5:00&quot;,&quot;hourStart&quot;:&quot;8:00&quot;,&quot;idOffice&quot;:1,&quot;name&quot;:&quot;Hospital CIMA&quot;,&quot;phone&quot;:&quot;22795122&quot;},{&quot;days&quot;:&quot;Jueves y Viernes&quot;,&quot;hourEnd&quot;:&quot;5:00&quot;,&quot;hourStart&quot;:&quot;8:00&quot;,&quot;idOffice&quot;:2,&quot;name&quot;:&quot;Centro Médico del Este&quot;,&quot;phone&quot;:&quot;22792761&quot;},{&quot;days&quot;:&quot;Miercoles&quot;,&quot;hourEnd&quot;:&quot;5:00&quot;,&quot;hourStart&quot;:&quot;8:00&quot;,&quot;idOffice&quot;:3,&quot;name&quot;:&quot;Nueva Clinica Tres Rios&quot;,&quot;phone&quot;:&quot;22795122&quot;},{&quot;days&quot;:&quot;Lunes y Martes&quot;,&quot;hourEnd&quot;:&quot;5:00&quot;,&quot;hourStart&quot;:&quot;8:00&quot;,&quot;idOffice&quot;:5,&quot;name&quot;:&quot;Hospital CIMA&quot;,&quot;phone&quot;:&quot;22795122&quot;},{&quot;days&quot;:&quot;Lunes y Martes&quot;,&quot;hourEnd&quot;:&quot;5:00&quot;,&quot;hourStart&quot;:&quot;8:00&quot;,&quot;idOffice&quot;:6,&quot;name&quot;:&quot;Hospital CIMA&quot;,&quot;phone&quot;:&quot;22795122&quot;},{&quot;days&quot;:&quot;Lunes y Martes&quot;,&quot;hourEnd&quot;:&quot;5:00&quot;,&quot;hourStart&quot;:&quot;8:00&quot;,&quot;idOffice&quot;:8,&quot;name&quot;:&quot;Hospital CIMA&quot;,&quot;phone&quot;:&quot;22795122&quot;}]; line: 1, column: 75] (through reference chain: java.lang.Object[][0]-&gt;ac.cr.una.proyecto.java.model.Office[&quot;idOffice&quot;])
	at com.fasterxml.jackson.databind.exc.UnrecognizedPropertyException.from(UnrecognizedPropertyException.java:62)
	at com.fasterxml.jackson.databind.DeserializationContext.handleUnknownProperty(DeserializationContext.java:834)
	at com.fasterxml.jackson.databind.deser.std.StdDeserializer.handleUnknownProperty(StdDeserializer.java:1093)
	at com.fasterxml.jackson.databind.deser.BeanDeserializerBase.handleUnknownProperty(BeanDeserializerBase.java:1477)
	at com.fasterxml.jackson.databind.deser.BeanDeserializerBase.handleUnknownVanilla(BeanDeserializerBase.java:1455)
	at com.fasterxml.jackson.databind.deser.BeanDeserializer.vanillaDeserialize(BeanDeserializer.java:282)
	at com.fasterxml.jackson.databind.deser.BeanDeserializer.deserialize(BeanDeserializer.java:140)
	at com.fasterxml.jackson.databind.deser.std.ObjectArrayDeserializer.deserialize(ObjectArrayDeserializer.java:196)
	at com.fasterxml.jackson.databind.deser.std.ObjectArrayDeserializer.deserialize(ObjectArrayDeserializer.java:20)
	at com.fasterxml.jackson.databind.ObjectMapper._readMapAndClose(ObjectMapper.java:3798)
	at com.fasterxml.jackson.databind.ObjectMapper.readValue(ObjectMapper.java:2842)
	at ac.cr.una.proyecto.java.service.OfficeService.loadJsonFromWebService(OfficeService.java:127)
	at ac.cr.una.proyecto.java.service.OfficeService.loadOfficesObjWrapper(OfficeService.java:42)
	at ac.cr.una.proyecto.java.controller.OfficeListController.&lt;init&gt;(OfficeListController.java:45)
	at ac.cr.una.proyecto.java.view.OfficesListView.&lt;init&gt;(OfficesListView.java:56)
	at una.ac.cr.consultoriofrontend.OfficesListJUnitTest.setUp(OfficesListJUnitTest.java:52)
	at sun.reflect.NativeMethodAccessorImpl.invoke0(Native Method)
	at sun.reflect.NativeMethodAccessorImpl.invoke(NativeMethodAccessorImpl.java:62)
	at sun.reflect.DelegatingMethodAccessorImpl.invoke(DelegatingMethodAccessorImpl.java:43)
	at java.lang.reflect.Method.invoke(Method.java:498)
	at org.junit.runners.model.FrameworkMethod$1.runReflectiveCall(FrameworkMethod.java:50)
	at org.junit.internal.runners.model.ReflectiveCallable.run(ReflectiveCallable.java:12)
	at org.junit.runners.model.FrameworkMethod.invokeExplosively(FrameworkMethod.java:47)
	at org.junit.internal.runners.statements.RunBefores.evaluate(RunBefores.java:24)
	at org.junit.internal.runners.statements.RunAfters.evaluate(RunAfters.java:27)
	at org.junit.runners.ParentRunner.runLeaf(ParentRunner.java:325)
	at org.junit.runners.BlockJUnit4ClassRunner.runChild(BlockJUnit4ClassRunner.java:78)
	at org.junit.runners.BlockJUnit4ClassRunner.runChild(BlockJUnit4ClassRunner.java:57)
	at org.junit.runners.ParentRunner$3.run(ParentRunner.java:290)
	at org.junit.runners.ParentRunner$1.schedule(ParentRunner.java:71)
	at org.junit.runners.ParentRunner.runChildren(ParentRunner.java:288)
	at org.junit.runners.ParentRunner.access$000(ParentRunner.java:58)
	at org.junit.runners.ParentRunner$2.evaluate(ParentRunner.java:268)
	at org.junit.runners.ParentRunner.run(ParentRunner.java:363)
	at org.apache.maven.surefire.junit4.JUnit4TestSet.execute(JUnit4TestSet.java:53)
	at org.apache.maven.surefire.junit4.JUnit4Provider.executeTestSet(JUnit4Provider.java:123)
	at org.apache.maven.surefire.junit4.JUnit4Provider.invoke(JUnit4Provider.java:104)
	at sun.reflect.NativeMethodAccessorImpl.invoke0(Native Method)
	at sun.reflect.NativeMethodAccessorImpl.invoke(NativeMethodAccessorImpl.java:62)
	at sun.reflect.DelegatingMethodAccessorImpl.invoke(DelegatingMethodAccessorImpl.java:43)
	at java.lang.reflect.Method.invoke(Method.java:498)
	at org.apache.maven.surefire.util.ReflectionUtils.invokeMethodWithArray(ReflectionUtils.java:164)
	at org.apache.maven.surefire.booter.ProviderFactory$ProviderProxy.invoke(ProviderFactory.java:110)
	at org.apache.maven.surefire.booter.SurefireStarter.invokeProvider(SurefireStarter.java:175)
	at org.apache.maven.surefire.booter.SurefireStarter.runSuitesInProcessWhenForked(SurefireStarter.java:107)
	at org.apache.maven.surefire.booter.ForkedBooter.main(ForkedBooter.java:68)
</error>
  </testcase>
  <testcase classname="una.ac.cr.consultoriofrontend.OfficesListJUnitTest" name="testSearchFilter" time="0.256">
    <error message="Unrecognized field &quot;idOffice&quot; (class ac.cr.una.proyecto.java.model.Office), not marked as ignorable (5 known properties: &quot;name&quot;, &quot;phone&quot;, &quot;days&quot;, &quot;hourStart&quot;, &quot;hourEnd&quot;])
 at [Source: [{&quot;days&quot;:&quot;Lunes y Martes&quot;,&quot;hourEnd&quot;:&quot;5:00&quot;,&quot;hourStart&quot;:&quot;8:00&quot;,&quot;idOffice&quot;:1,&quot;name&quot;:&quot;Hospital CIMA&quot;,&quot;phone&quot;:&quot;22795122&quot;},{&quot;days&quot;:&quot;Jueves y Viernes&quot;,&quot;hourEnd&quot;:&quot;5:00&quot;,&quot;hourStart&quot;:&quot;8:00&quot;,&quot;idOffice&quot;:2,&quot;name&quot;:&quot;Centro Médico del Este&quot;,&quot;phone&quot;:&quot;22792761&quot;},{&quot;days&quot;:&quot;Miercoles&quot;,&quot;hourEnd&quot;:&quot;5:00&quot;,&quot;hourStart&quot;:&quot;8:00&quot;,&quot;idOffice&quot;:3,&quot;name&quot;:&quot;Nueva Clinica Tres Rios&quot;,&quot;phone&quot;:&quot;22795122&quot;},{&quot;days&quot;:&quot;Lunes y Martes&quot;,&quot;hourEnd&quot;:&quot;5:00&quot;,&quot;hourStart&quot;:&quot;8:00&quot;,&quot;idOffice&quot;:5,&quot;name&quot;:&quot;Hospital CIMA&quot;,&quot;phone&quot;:&quot;22795122&quot;},{&quot;days&quot;:&quot;Lunes y Martes&quot;,&quot;hourEnd&quot;:&quot;5:00&quot;,&quot;hourStart&quot;:&quot;8:00&quot;,&quot;idOffice&quot;:6,&quot;name&quot;:&quot;Hospital CIMA&quot;,&quot;phone&quot;:&quot;22795122&quot;},{&quot;days&quot;:&quot;Lunes y Martes&quot;,&quot;hourEnd&quot;:&quot;5:00&quot;,&quot;hourStart&quot;:&quot;8:00&quot;,&quot;idOffice&quot;:8,&quot;name&quot;:&quot;Hospital CIMA&quot;,&quot;phone&quot;:&quot;22795122&quot;}]; line: 1, column: 75] (through reference chain: java.lang.Object[][0]-&gt;ac.cr.una.proyecto.java.model.Office[&quot;idOffice&quot;])" type="com.fasterxml.jackson.databind.exc.UnrecognizedPropertyException">com.fasterxml.jackson.databind.exc.UnrecognizedPropertyException: Unrecognized field &quot;idOffice&quot; (class ac.cr.una.proyecto.java.model.Office), not marked as ignorable (5 known properties: &quot;name&quot;, &quot;phone&quot;, &quot;days&quot;, &quot;hourStart&quot;, &quot;hourEnd&quot;])
 at [Source: [{&quot;days&quot;:&quot;Lunes y Martes&quot;,&quot;hourEnd&quot;:&quot;5:00&quot;,&quot;hourStart&quot;:&quot;8:00&quot;,&quot;idOffice&quot;:1,&quot;name&quot;:&quot;Hospital CIMA&quot;,&quot;phone&quot;:&quot;22795122&quot;},{&quot;days&quot;:&quot;Jueves y Viernes&quot;,&quot;hourEnd&quot;:&quot;5:00&quot;,&quot;hourStart&quot;:&quot;8:00&quot;,&quot;idOffice&quot;:2,&quot;name&quot;:&quot;Centro Médico del Este&quot;,&quot;phone&quot;:&quot;22792761&quot;},{&quot;days&quot;:&quot;Miercoles&quot;,&quot;hourEnd&quot;:&quot;5:00&quot;,&quot;hourStart&quot;:&quot;8:00&quot;,&quot;idOffice&quot;:3,&quot;name&quot;:&quot;Nueva Clinica Tres Rios&quot;,&quot;phone&quot;:&quot;22795122&quot;},{&quot;days&quot;:&quot;Lunes y Martes&quot;,&quot;hourEnd&quot;:&quot;5:00&quot;,&quot;hourStart&quot;:&quot;8:00&quot;,&quot;idOffice&quot;:5,&quot;name&quot;:&quot;Hospital CIMA&quot;,&quot;phone&quot;:&quot;22795122&quot;},{&quot;days&quot;:&quot;Lunes y Martes&quot;,&quot;hourEnd&quot;:&quot;5:00&quot;,&quot;hourStart&quot;:&quot;8:00&quot;,&quot;idOffice&quot;:6,&quot;name&quot;:&quot;Hospital CIMA&quot;,&quot;phone&quot;:&quot;22795122&quot;},{&quot;days&quot;:&quot;Lunes y Martes&quot;,&quot;hourEnd&quot;:&quot;5:00&quot;,&quot;hourStart&quot;:&quot;8:00&quot;,&quot;idOffice&quot;:8,&quot;name&quot;:&quot;Hospital CIMA&quot;,&quot;phone&quot;:&quot;22795122&quot;}]; line: 1, column: 75] (through reference chain: java.lang.Object[][0]-&gt;ac.cr.una.proyecto.java.model.Office[&quot;idOffice&quot;])
	at com.fasterxml.jackson.databind.exc.UnrecognizedPropertyException.from(UnrecognizedPropertyException.java:62)
	at com.fasterxml.jackson.databind.DeserializationContext.handleUnknownProperty(DeserializationContext.java:834)
	at com.fasterxml.jackson.databind.deser.std.StdDeserializer.handleUnknownProperty(StdDeserializer.java:1093)
	at com.fasterxml.jackson.databind.deser.BeanDeserializerBase.handleUnknownProperty(BeanDeserializerBase.java:1477)
	at com.fasterxml.jackson.databind.deser.BeanDeserializerBase.handleUnknownVanilla(BeanDeserializerBase.java:1455)
	at com.fasterxml.jackson.databind.deser.BeanDeserializer.vanillaDeserialize(BeanDeserializer.java:282)
	at com.fasterxml.jackson.databind.deser.BeanDeserializer.deserialize(BeanDeserializer.java:140)
	at com.fasterxml.jackson.databind.deser.std.ObjectArrayDeserializer.deserialize(ObjectArrayDeserializer.java:196)
	at com.fasterxml.jackson.databind.deser.std.ObjectArrayDeserializer.deserialize(ObjectArrayDeserializer.java:20)
	at com.fasterxml.jackson.databind.ObjectMapper._readMapAndClose(ObjectMapper.java:3798)
	at com.fasterxml.jackson.databind.ObjectMapper.readValue(ObjectMapper.java:2842)
	at ac.cr.una.proyecto.java.service.OfficeService.loadJsonFromWebService(OfficeService.java:127)
	at ac.cr.una.proyecto.java.service.OfficeService.loadOfficesObjWrapper(OfficeService.java:42)
	at ac.cr.una.proyecto.java.controller.OfficeListController.&lt;init&gt;(OfficeListController.java:45)
	at ac.cr.una.proyecto.java.view.OfficesListView.&lt;init&gt;(OfficesListView.java:56)
	at una.ac.cr.consultoriofrontend.OfficesListJUnitTest.setUp(OfficesListJUnitTest.java:52)
	at sun.reflect.NativeMethodAccessorImpl.invoke0(Native Method)
	at sun.reflect.NativeMethodAccessorImpl.invoke(NativeMethodAccessorImpl.java:62)
	at sun.reflect.DelegatingMethodAccessorImpl.invoke(DelegatingMethodAccessorImpl.java:43)
	at java.lang.reflect.Method.invoke(Method.java:498)
	at org.junit.runners.model.FrameworkMethod$1.runReflectiveCall(FrameworkMethod.java:50)
	at org.junit.internal.runners.model.ReflectiveCallable.run(ReflectiveCallable.java:12)
	at org.junit.runners.model.FrameworkMethod.invokeExplosively(FrameworkMethod.java:47)
	at org.junit.internal.runners.statements.RunBefores.evaluate(RunBefores.java:24)
	at org.junit.internal.runners.statements.RunAfters.evaluate(RunAfters.java:27)
	at org.junit.runners.ParentRunner.runLeaf(ParentRunner.java:325)
	at org.junit.runners.BlockJUnit4ClassRunner.runChild(BlockJUnit4ClassRunner.java:78)
	at org.junit.runners.BlockJUnit4ClassRunner.runChild(BlockJUnit4ClassRunner.java:57)
	at org.junit.runners.ParentRunner$3.run(ParentRunner.java:290)
	at org.junit.runners.ParentRunner$1.schedule(ParentRunner.java:71)
	at org.junit.runners.ParentRunner.runChildren(ParentRunner.java:288)
	at org.junit.runners.ParentRunner.access$000(ParentRunner.java:58)
	at org.junit.runners.ParentRunner$2.evaluate(ParentRunner.java:268)
	at org.junit.runners.ParentRunner.run(ParentRunner.java:363)
	at org.apache.maven.surefire.junit4.JUnit4TestSet.execute(JUnit4TestSet.java:53)
	at org.apache.maven.surefire.junit4.JUnit4Provider.executeTestSet(JUnit4Provider.java:123)
	at org.apache.maven.surefire.junit4.JUnit4Provider.invoke(JUnit4Provider.java:104)
	at sun.reflect.NativeMethodAccessorImpl.invoke0(Native Method)
	at sun.reflect.NativeMethodAccessorImpl.invoke(NativeMethodAccessorImpl.java:62)
	at sun.reflect.DelegatingMethodAccessorImpl.invoke(DelegatingMethodAccessorImpl.java:43)
	at java.lang.reflect.Method.invoke(Method.java:498)
	at org.apache.maven.surefire.util.ReflectionUtils.invokeMethodWithArray(ReflectionUtils.java:164)
	at org.apache.maven.surefire.booter.ProviderFactory$ProviderProxy.invoke(ProviderFactory.java:110)
	at org.apache.maven.surefire.booter.SurefireStarter.invokeProvider(SurefireStarter.java:175)
	at org.apache.maven.surefire.booter.SurefireStarter.runSuitesInProcessWhenForked(SurefireStarter.java:107)
	at org.apache.maven.surefire.booter.ForkedBooter.main(ForkedBooter.java:68)
</error>
  </testcase>
</testsuite>