<?xml version="1.0" encoding="UTF-8" ?>
<testsuite tests="3" failures="0" name="una.ac.cr.consultoriofrontend.AddOfficeJUnitTest" time="11.912" errors="3" skipped="0">
  <properties>
    <property name="java.runtime.name" value="Java(TM) SE Runtime Environment"/>
    <property name="sun.boot.library.path" value="/usr/local/java/jdk1.8.0_121/jre/lib/amd64"/>
    <property name="java.vm.version" value="25.121-b13"/>
    <property name="java.vm.vendor" value="Oracle Corporation"/>
    <property name="java.vendor.url" value="http://java.oracle.com/"/>
    <property name="path.separator" value=":"/>
    <property name="guice.disable.misplaced.annotation.check" value="true"/>
    <property name="java.vm.name" value="Java HotSpot(TM) 64-Bit Server VM"/>
    <property name="file.encoding.pkg" value="sun.io"/>
    <property name="user.country" value="CR"/>
    <property name="sun.java.launcher" value="SUN_STANDARD"/>
    <property name="sun.os.patch.level" value="unknown"/>
    <property name="java.vm.specification.name" value="Java Virtual Machine Specification"/>
    <property name="user.dir" value="/home/cristian/Escritorio/proyectoProgra/ConsultorioFrontend"/>
    <property name="java.runtime.version" value="1.8.0_121-b13"/>
    <property name="java.awt.graphicsenv" value="sun.awt.X11GraphicsEnvironment"/>
    <property name="java.endorsed.dirs" value="/usr/local/java/jdk1.8.0_121/jre/lib/endorsed"/>
    <property name="os.arch" value="amd64"/>
    <property name="java.io.tmpdir" value="/tmp"/>
    <property name="line.separator" value="
"/>
    <property name="java.vm.specification.vendor" value="Oracle Corporation"/>
    <property name="os.name" value="Linux"/>
    <property name="maven.ext.class.path" value="/home/cristian/netbeans-8.2/java/maven-nblib/netbeans-eventspy.jar"/>
    <property name="classworlds.conf" value="/home/cristian/netbeans-8.2/java/maven/bin/m2.conf"/>
    <property name="sun.jnu.encoding" value="UTF-8"/>
    <property name="java.library.path" value="/usr/local/java/jdk1.8.0_121//jre/lib/amd64:/usr/local/java/jdk1.8.0_121//jre/lib/i386::/usr/java/packages/lib/amd64:/usr/lib64:/lib64:/lib:/usr/lib"/>
    <property name="java.specification.name" value="Java Platform API Specification"/>
    <property name="java.class.version" value="52.0"/>
    <property name="sun.management.compiler" value="HotSpot 64-Bit Tiered Compilers"/>
    <property name="os.version" value="4.4.0-59-generic"/>
    <property name="user.home" value="/home/cristian"/>
    <property name="user.timezone" value="America/Costa_Rica"/>
    <property name="java.awt.printerjob" value="sun.print.PSPrinterJob"/>
    <property name="file.encoding" value="UTF-8"/>
    <property name="java.specification.version" value="1.8"/>
    <property name="user.name" value="cristian"/>
    <property name="java.class.path" value="/home/cristian/netbeans-8.2/java/maven/boot/plexus-classworlds-2.4.jar"/>
    <property name="java.vm.specification.version" value="1.8"/>
    <property name="sun.arch.data.model" value="64"/>
    <property name="java.home" value="/usr/local/java/jdk1.8.0_121/jre"/>
    <property name="sun.java.command" value="org.codehaus.plexus.classworlds.launcher.Launcher -Dmaven.ext.class.path=/home/cristian/netbeans-8.2/java/maven-nblib/netbeans-eventspy.jar clean install"/>
    <property name="java.specification.vendor" value="Oracle Corporation"/>
    <property name="user.language" value="es"/>
    <property name="awt.toolkit" value="sun.awt.X11.XToolkit"/>
    <property name="java.vm.info" value="mixed mode"/>
    <property name="java.version" value="1.8.0_121"/>
    <property name="java.ext.dirs" value="/usr/local/java/jdk1.8.0_121/jre/lib/ext:/usr/java/packages/lib/ext"/>
    <property name="securerandom.source" value="file:/dev/./urandom"/>
    <property name="sun.boot.class.path" value="/usr/local/java/jdk1.8.0_121/jre/lib/resources.jar:/usr/local/java/jdk1.8.0_121/jre/lib/rt.jar:/usr/local/java/jdk1.8.0_121/jre/lib/sunrsasign.jar:/usr/local/java/jdk1.8.0_121/jre/lib/jsse.jar:/usr/local/java/jdk1.8.0_121/jre/lib/jce.jar:/usr/local/java/jdk1.8.0_121/jre/lib/charsets.jar:/usr/local/java/jdk1.8.0_121/jre/lib/jfr.jar:/usr/local/java/jdk1.8.0_121/jre/classes"/>
    <property name="java.vendor" value="Oracle Corporation"/>
    <property name="maven.home" value="/home/cristian/netbeans-8.2/java/maven"/>
    <property name="file.separator" value="/"/>
    <property name="java.vendor.url.bug" value="http://bugreport.sun.com/bugreport/"/>
    <property name="sun.cpu.endian" value="little"/>
    <property name="sun.io.unicode.encoding" value="UnicodeLittle"/>
    <property name="sun.desktop" value="gnome"/>
    <property name="sun.cpu.isalist" value=""/>
  </properties>
  <testcase classname="una.ac.cr.consultoriofrontend.AddOfficeJUnitTest" name="testVisibleComponents" time="1.425">
    <error message="Unable to find component using matcher org.assertj.swing.core.NameMatcher[name=&apos;lblOffice&apos;, type=javax.swing.JLabel, requireShowing=true].

Component hierarchy:
ac.cr.una.proyecto.java.view.PrincipalPanelView[name=&apos;frame2&apos;, title=&apos;Panel Administrativo&apos;, enabled=true, visible=true, showing=true]
  javax.swing.JRootPane[]
    javax.swing.JPanel[name=&apos;null.glassPane&apos;]
    javax.swing.JLayeredPane[]
      javax.swing.JPanel[name=&apos;null.contentPane&apos;]
        javax.swing.JDesktopPane[]
          ac.cr.una.proyecto.java.view.AddOfficeView[,0,0,260x330,layout=javax.swing.plaf.basic.BasicInternalFrameUI$Handler,alignmentX=0.0,alignmentY=0.0,border=javax.swing.plaf.metal.MetalBorders$InternalFrameBorder@2bb04bc5,flags=264,maximumSize=,minimumSize=,preferredSize=,closable=true,defaultCloseOperation=DISPOSE_ON_CLOSE,desktopIcon=javax.swing.JInternalFrame$JDesktopIcon[,0,0,160x31,invalid,layout=java.awt.BorderLayout,alignmentX=0.0,alignmentY=0.0,border=javax.swing.plaf.BorderUIResource$CompoundBorderUIResource@7491cc0f,flags=8,maximumSize=,minimumSize=,preferredSize=],frameIcon=sun.swing.ImageIconUIResource@4b9f4585,iconable=true,isClosed=false,isIcon=false,isMaximum=false,isSelected=false,maximizable=false,opened=true,resizable=false,rootPane=javax.swing.JRootPane[,5,27,250x298,layout=javax.swing.JRootPane$RootLayout,alignmentX=0.0,alignmentY=0.0,border=,flags=449,maximumSize=,minimumSize=,preferredSize=],rootPaneCheckingEnabled=true,title=Formulario Nuevo Consultorio]
            javax.swing.JRootPane[]
              javax.swing.JPanel[name=&apos;null.glassPane&apos;]
              javax.swing.JLayeredPane[]
                javax.swing.JPanel[name=&apos;null.contentPane&apos;]
                  javax.swing.JPanel[name=&apos;Form&apos;]
                    javax.swing.JLabel[name=&apos;lblName&apos;, text=&apos;Nombre:&apos;, enabled=true, visible=true, showing=true]
                    javax.swing.JTextField[name=&apos;name&apos;, text=&apos;&apos;, enabled=true, visible=true, showing=true]
                    javax.swing.JLabel[name=&apos;lblPhone&apos;, text=&apos;Telefono:&apos;, enabled=true, visible=true, showing=true]
                    javax.swing.JTextField[name=&apos;phone&apos;, text=&apos;&apos;, enabled=true, visible=true, showing=true]
                    javax.swing.JLabel[name=&apos;lblDays&apos;, text=&apos;Dias:&apos;, enabled=true, visible=true, showing=true]
                    javax.swing.JTextField[name=&apos;days&apos;, text=&apos;&apos;, enabled=true, visible=true, showing=true]
                    javax.swing.JLabel[name=&apos;lblHourStart&apos;, text=&apos;Hora Apertura:&apos;, enabled=true, visible=true, showing=true]
                    javax.swing.JTextField[name=&apos;hourStart&apos;, text=&apos;&apos;, enabled=true, visible=true, showing=true]
                    javax.swing.JLabel[name=&apos;lblHourEnd&apos;, text=&apos;Hora Cierre:&apos;, enabled=true, visible=true, showing=true]
                    javax.swing.JTextField[name=&apos;hourEnd&apos;, text=&apos;&apos;, enabled=true, visible=true, showing=true]
                    javax.swing.JButton[name=&apos;ok&apos;, text=&apos;Aceptar&apos;, enabled=true, visible=true, showing=true]
                    javax.swing.JButton[name=&apos;clean&apos;, text=&apos;Limpiar&apos;, enabled=true, visible=true, showing=true]
            javax.swing.plaf.metal.MetalInternalFrameTitlePane[,5,5,250x22,layout=javax.swing.plaf.metal.MetalInternalFrameTitlePane$MetalTitlePaneLayout,alignmentX=0.0,alignmentY=0.0,border=,flags=16777224,maximumSize=,minimumSize=,preferredSize=]
              javax.swing.plaf.basic.BasicInternalFrameTitlePane$NoFocusButton[name=null, text=&apos;&apos;, enabled=true, visible=true, showing=true]
              javax.swing.plaf.basic.BasicInternalFrameTitlePane$NoFocusButton[name=null, text=&apos;&apos;, enabled=true, visible=true, showing=true]
              javax.swing.plaf.basic.BasicInternalFrameTitlePane$NoFocusButton[name=null, text=&apos;&apos;, enabled=true, visible=true, showing=true]
      javax.swing.JMenuBar[]
        javax.swing.JMenu[name=null, text=&apos;Archivo&apos;, selected=false, enabled=true, visible=true, showing=true]
          javax.swing.JPopupMenu[name=null, label=null, enabled=true, visible=false, showing=false]
            javax.swing.JMenuItem[name=&apos;salir&apos;, text=&apos;Salir&apos;, selected=false, enabled=true, visible=true, showing=false]
        javax.swing.JMenu[name=&apos;adminConsultorio&apos;, text=&apos;AdministraciÃ³n Consultorio&apos;, selected=false, enabled=true, visible=true, showing=true]
          javax.swing.JPopupMenu[name=null, label=null, enabled=true, visible=false, showing=false]
            javax.swing.JMenuItem[name=&apos;agregarConsultorio&apos;, text=&apos;Agregar Consultorio&apos;, selected=false, enabled=true, visible=true, showing=false]
            javax.swing.JMenuItem[name=&apos;todosConsultorios&apos;, text=&apos;Ver Lista&apos;, selected=false, enabled=true, visible=true, showing=false]
        javax.swing.JMenu[name=&apos;adminPaciente&apos;, text=&apos;AdministraciÃ³n Pacientes&apos;, selected=false, enabled=true, visible=true, showing=true]
          javax.swing.JPopupMenu[name=null, label=null, enabled=true, visible=false, showing=false]
            javax.swing.JMenuItem[name=&apos;agregarPaciente&apos;, text=&apos;Agregar Paciente&apos;, selected=false, enabled=true, visible=true, showing=false]
            javax.swing.JMenuItem[name=&apos;todosPacientes&apos;, text=&apos;Ver Lista&apos;, selected=false, enabled=true, visible=true, showing=false]
        javax.swing.JMenu[name=&apos;adminCitas&apos;, text=&apos;Administracion de Citas&apos;, selected=false, enabled=true, visible=true, showing=true]
          javax.swing.JPopupMenu[name=null, label=null, enabled=true, visible=false, showing=false]
            javax.swing.JMenuItem[name=&apos;agregarCita&apos;, text=&apos;Agregar Cita&apos;, selected=false, enabled=true, visible=true, showing=false]
            javax.swing.JMenuItem[name=&apos;todasCitas&apos;, text=&apos;Ver Lista&apos;, selected=false, enabled=true, visible=true, showing=false]
" type="org.assertj.swing.exception.ComponentLookupException">org.assertj.swing.exception.ComponentLookupException: Unable to find component using matcher org.assertj.swing.core.NameMatcher[name=&apos;lblOffice&apos;, type=javax.swing.JLabel, requireShowing=true].

Component hierarchy:
ac.cr.una.proyecto.java.view.PrincipalPanelView[name=&apos;frame2&apos;, title=&apos;Panel Administrativo&apos;, enabled=true, visible=true, showing=true]
  javax.swing.JRootPane[]
    javax.swing.JPanel[name=&apos;null.glassPane&apos;]
    javax.swing.JLayeredPane[]
      javax.swing.JPanel[name=&apos;null.contentPane&apos;]
        javax.swing.JDesktopPane[]
          ac.cr.una.proyecto.java.view.AddOfficeView[,0,0,260x330,layout=javax.swing.plaf.basic.BasicInternalFrameUI$Handler,alignmentX=0.0,alignmentY=0.0,border=javax.swing.plaf.metal.MetalBorders$InternalFrameBorder@2bb04bc5,flags=264,maximumSize=,minimumSize=,preferredSize=,closable=true,defaultCloseOperation=DISPOSE_ON_CLOSE,desktopIcon=javax.swing.JInternalFrame$JDesktopIcon[,0,0,160x31,invalid,layout=java.awt.BorderLayout,alignmentX=0.0,alignmentY=0.0,border=javax.swing.plaf.BorderUIResource$CompoundBorderUIResource@7491cc0f,flags=8,maximumSize=,minimumSize=,preferredSize=],frameIcon=sun.swing.ImageIconUIResource@4b9f4585,iconable=true,isClosed=false,isIcon=false,isMaximum=false,isSelected=false,maximizable=false,opened=true,resizable=false,rootPane=javax.swing.JRootPane[,5,27,250x298,layout=javax.swing.JRootPane$RootLayout,alignmentX=0.0,alignmentY=0.0,border=,flags=449,maximumSize=,minimumSize=,preferredSize=],rootPaneCheckingEnabled=true,title=Formulario Nuevo Consultorio]
            javax.swing.JRootPane[]
              javax.swing.JPanel[name=&apos;null.glassPane&apos;]
              javax.swing.JLayeredPane[]
                javax.swing.JPanel[name=&apos;null.contentPane&apos;]
                  javax.swing.JPanel[name=&apos;Form&apos;]
                    javax.swing.JLabel[name=&apos;lblName&apos;, text=&apos;Nombre:&apos;, enabled=true, visible=true, showing=true]
                    javax.swing.JTextField[name=&apos;name&apos;, text=&apos;&apos;, enabled=true, visible=true, showing=true]
                    javax.swing.JLabel[name=&apos;lblPhone&apos;, text=&apos;Telefono:&apos;, enabled=true, visible=true, showing=true]
                    javax.swing.JTextField[name=&apos;phone&apos;, text=&apos;&apos;, enabled=true, visible=true, showing=true]
                    javax.swing.JLabel[name=&apos;lblDays&apos;, text=&apos;Dias:&apos;, enabled=true, visible=true, showing=true]
                    javax.swing.JTextField[name=&apos;days&apos;, text=&apos;&apos;, enabled=true, visible=true, showing=true]
                    javax.swing.JLabel[name=&apos;lblHourStart&apos;, text=&apos;Hora Apertura:&apos;, enabled=true, visible=true, showing=true]
                    javax.swing.JTextField[name=&apos;hourStart&apos;, text=&apos;&apos;, enabled=true, visible=true, showing=true]
                    javax.swing.JLabel[name=&apos;lblHourEnd&apos;, text=&apos;Hora Cierre:&apos;, enabled=true, visible=true, showing=true]
                    javax.swing.JTextField[name=&apos;hourEnd&apos;, text=&apos;&apos;, enabled=true, visible=true, showing=true]
                    javax.swing.JButton[name=&apos;ok&apos;, text=&apos;Aceptar&apos;, enabled=true, visible=true, showing=true]
                    javax.swing.JButton[name=&apos;clean&apos;, text=&apos;Limpiar&apos;, enabled=true, visible=true, showing=true]
            javax.swing.plaf.metal.MetalInternalFrameTitlePane[,5,5,250x22,layout=javax.swing.plaf.metal.MetalInternalFrameTitlePane$MetalTitlePaneLayout,alignmentX=0.0,alignmentY=0.0,border=,flags=16777224,maximumSize=,minimumSize=,preferredSize=]
              javax.swing.plaf.basic.BasicInternalFrameTitlePane$NoFocusButton[name=null, text=&apos;&apos;, enabled=true, visible=true, showing=true]
              javax.swing.plaf.basic.BasicInternalFrameTitlePane$NoFocusButton[name=null, text=&apos;&apos;, enabled=true, visible=true, showing=true]
              javax.swing.plaf.basic.BasicInternalFrameTitlePane$NoFocusButton[name=null, text=&apos;&apos;, enabled=true, visible=true, showing=true]
      javax.swing.JMenuBar[]
        javax.swing.JMenu[name=null, text=&apos;Archivo&apos;, selected=false, enabled=true, visible=true, showing=true]
          javax.swing.JPopupMenu[name=null, label=null, enabled=true, visible=false, showing=false]
            javax.swing.JMenuItem[name=&apos;salir&apos;, text=&apos;Salir&apos;, selected=false, enabled=true, visible=true, showing=false]
        javax.swing.JMenu[name=&apos;adminConsultorio&apos;, text=&apos;AdministraciÃ³n Consultorio&apos;, selected=false, enabled=true, visible=true, showing=true]
          javax.swing.JPopupMenu[name=null, label=null, enabled=true, visible=false, showing=false]
            javax.swing.JMenuItem[name=&apos;agregarConsultorio&apos;, text=&apos;Agregar Consultorio&apos;, selected=false, enabled=true, visible=true, showing=false]
            javax.swing.JMenuItem[name=&apos;todosConsultorios&apos;, text=&apos;Ver Lista&apos;, selected=false, enabled=true, visible=true, showing=false]
        javax.swing.JMenu[name=&apos;adminPaciente&apos;, text=&apos;AdministraciÃ³n Pacientes&apos;, selected=false, enabled=true, visible=true, showing=true]
          javax.swing.JPopupMenu[name=null, label=null, enabled=true, visible=false, showing=false]
            javax.swing.JMenuItem[name=&apos;agregarPaciente&apos;, text=&apos;Agregar Paciente&apos;, selected=false, enabled=true, visible=true, showing=false]
            javax.swing.JMenuItem[name=&apos;todosPacientes&apos;, text=&apos;Ver Lista&apos;, selected=false, enabled=true, visible=true, showing=false]
        javax.swing.JMenu[name=&apos;adminCitas&apos;, text=&apos;Administracion de Citas&apos;, selected=false, enabled=true, visible=true, showing=true]
          javax.swing.JPopupMenu[name=null, label=null, enabled=true, visible=false, showing=false]
            javax.swing.JMenuItem[name=&apos;agregarCita&apos;, text=&apos;Agregar Cita&apos;, selected=false, enabled=true, visible=true, showing=false]
            javax.swing.JMenuItem[name=&apos;todasCitas&apos;, text=&apos;Ver Lista&apos;, selected=false, enabled=true, visible=true, showing=false]

	at org.assertj.swing.core.BasicComponentFinder.componentNotFound(BasicComponentFinder.java:287)
	at org.assertj.swing.core.BasicComponentFinder.find(BasicComponentFinder.java:272)
	at org.assertj.swing.core.BasicComponentFinder.find(BasicComponentFinder.java:265)
	at org.assertj.swing.core.BasicComponentFinder.findByName(BasicComponentFinder.java:200)
	at org.assertj.swing.fixture.AbstractContainerFixture.findByName(AbstractContainerFixture.java:622)
	at org.assertj.swing.fixture.AbstractContainerFixture.label(AbstractContainerFixture.java:289)
	at una.ac.cr.consultoriofrontend.AddOfficeJUnitTest.testVisibleComponents(AddOfficeJUnitTest.java:64)
	at sun.reflect.NativeMethodAccessorImpl.invoke0(Native Method)
	at sun.reflect.NativeMethodAccessorImpl.invoke(NativeMethodAccessorImpl.java:62)
	at sun.reflect.DelegatingMethodAccessorImpl.invoke(DelegatingMethodAccessorImpl.java:43)
	at java.lang.reflect.Method.invoke(Method.java:498)
	at org.junit.runners.model.FrameworkMethod$1.runReflectiveCall(FrameworkMethod.java:50)
	at org.junit.internal.runners.model.ReflectiveCallable.run(ReflectiveCallable.java:12)
	at org.junit.runners.model.FrameworkMethod.invokeExplosively(FrameworkMethod.java:47)
	at org.junit.internal.runners.statements.InvokeMethod.evaluate(InvokeMethod.java:17)
	at org.junit.internal.runners.statements.RunBefores.evaluate(RunBefores.java:26)
	at org.junit.internal.runners.statements.RunAfters.evaluate(RunAfters.java:27)
	at org.junit.runners.ParentRunner.runLeaf(ParentRunner.java:325)
	at org.junit.runners.BlockJUnit4ClassRunner.runChild(BlockJUnit4ClassRunner.java:78)
	at org.junit.runners.BlockJUnit4ClassRunner.runChild(BlockJUnit4ClassRunner.java:57)
	at org.junit.runners.ParentRunner$3.run(ParentRunner.java:290)
	at org.junit.runners.ParentRunner$1.schedule(ParentRunner.java:71)
	at org.junit.runners.ParentRunner.runChildren(ParentRunner.java:288)
	at org.junit.runners.ParentRunner.access$000(ParentRunner.java:58)
	at org.junit.runners.ParentRunner$2.evaluate(ParentRunner.java:268)
	at org.junit.runners.ParentRunner.run(ParentRunner.java:363)
	at org.apache.maven.surefire.junit4.JUnit4TestSet.execute(JUnit4TestSet.java:53)
	at org.apache.maven.surefire.junit4.JUnit4Provider.executeTestSet(JUnit4Provider.java:123)
	at org.apache.maven.surefire.junit4.JUnit4Provider.invoke(JUnit4Provider.java:104)
	at sun.reflect.NativeMethodAccessorImpl.invoke0(Native Method)
	at sun.reflect.NativeMethodAccessorImpl.invoke(NativeMethodAccessorImpl.java:62)
	at sun.reflect.DelegatingMethodAccessorImpl.invoke(DelegatingMethodAccessorImpl.java:43)
	at java.lang.reflect.Method.invoke(Method.java:498)
	at org.apache.maven.surefire.util.ReflectionUtils.invokeMethodWithArray(ReflectionUtils.java:164)
	at org.apache.maven.surefire.booter.ProviderFactory$ProviderProxy.invoke(ProviderFactory.java:110)
	at org.apache.maven.surefire.booter.SurefireStarter.invokeProvider(SurefireStarter.java:175)
	at org.apache.maven.surefire.booter.SurefireStarter.runSuitesInProcessWhenForked(SurefireStarter.java:107)
	at org.apache.maven.surefire.booter.ForkedBooter.main(ForkedBooter.java:68)
</error>
  </testcase>
  <testcase classname="una.ac.cr.consultoriofrontend.AddOfficeJUnitTest" name="isCorrectInformation" time="9.437">
    <error message="Unable to find component using matcher org.assertj.swing.core.NameMatcher[name=&apos;offices&apos;, type=javax.swing.JComboBox, requireShowing=true].

Component hierarchy:
ac.cr.una.proyecto.java.view.PrincipalPanelView[name=&apos;frame3&apos;, title=&apos;Panel Administrativo&apos;, enabled=true, visible=true, showing=true]
  javax.swing.JRootPane[]
    javax.swing.JPanel[name=&apos;null.glassPane&apos;]
    javax.swing.JLayeredPane[]
      javax.swing.JPanel[name=&apos;null.contentPane&apos;]
        javax.swing.JDesktopPane[]
          ac.cr.una.proyecto.java.view.AddOfficeView[,0,0,260x330,invalid,layout=javax.swing.plaf.basic.BasicInternalFrameUI$Handler,alignmentX=0.0,alignmentY=0.0,border=javax.swing.plaf.metal.MetalBorders$InternalFrameBorder@2bb04bc5,flags=264,maximumSize=,minimumSize=,preferredSize=,closable=true,defaultCloseOperation=DISPOSE_ON_CLOSE,desktopIcon=javax.swing.JInternalFrame$JDesktopIcon[,0,0,160x31,invalid,layout=java.awt.BorderLayout,alignmentX=0.0,alignmentY=0.0,border=javax.swing.plaf.BorderUIResource$CompoundBorderUIResource@7491cc0f,flags=8,maximumSize=,minimumSize=,preferredSize=],frameIcon=sun.swing.ImageIconUIResource@4b9f4585,iconable=true,isClosed=false,isIcon=false,isMaximum=false,isSelected=false,maximizable=false,opened=true,resizable=false,rootPane=javax.swing.JRootPane[,5,27,250x298,invalid,layout=javax.swing.JRootPane$RootLayout,alignmentX=0.0,alignmentY=0.0,border=,flags=449,maximumSize=,minimumSize=,preferredSize=],rootPaneCheckingEnabled=true,title=Formulario Nuevo Consultorio]
            javax.swing.JRootPane[]
              javax.swing.JPanel[name=&apos;null.glassPane&apos;]
              javax.swing.JLayeredPane[]
                javax.swing.JPanel[name=&apos;null.contentPane&apos;]
                  javax.swing.JPanel[name=&apos;Form&apos;]
                    javax.swing.JLabel[name=&apos;lblName&apos;, text=&apos;Nombre:&apos;, enabled=true, visible=true, showing=true]
                    javax.swing.JTextField[name=&apos;name&apos;, text=&apos;Clinica Tres Rios&apos;, enabled=true, visible=true, showing=true]
                    javax.swing.JLabel[name=&apos;lblPhone&apos;, text=&apos;Telefono:&apos;, enabled=true, visible=true, showing=true]
                    javax.swing.JTextField[name=&apos;phone&apos;, text=&apos;22796352&apos;, enabled=true, visible=true, showing=true]
                    javax.swing.JLabel[name=&apos;lblDays&apos;, text=&apos;Dias:&apos;, enabled=true, visible=true, showing=true]
                    javax.swing.JTextField[name=&apos;days&apos;, text=&apos;Miercoles&apos;, enabled=true, visible=true, showing=true]
                    javax.swing.JLabel[name=&apos;lblHourStart&apos;, text=&apos;Hora Apertura:&apos;, enabled=true, visible=true, showing=true]
                    javax.swing.JTextField[name=&apos;hourStart&apos;, text=&apos;800 AM&apos;, enabled=true, visible=true, showing=true]
                    javax.swing.JLabel[name=&apos;lblHourEnd&apos;, text=&apos;Hora Cierre:&apos;, enabled=true, visible=true, showing=true]
                    javax.swing.JTextField[name=&apos;hourEnd&apos;, text=&apos;630 PM&apos;, enabled=true, visible=true, showing=true]
                    javax.swing.JButton[name=&apos;ok&apos;, text=&apos;Aceptar&apos;, enabled=true, visible=true, showing=true]
                    javax.swing.JButton[name=&apos;clean&apos;, text=&apos;Limpiar&apos;, enabled=true, visible=true, showing=true]
            javax.swing.plaf.metal.MetalInternalFrameTitlePane[,5,5,250x22,layout=javax.swing.plaf.metal.MetalInternalFrameTitlePane$MetalTitlePaneLayout,alignmentX=0.0,alignmentY=0.0,border=,flags=16777224,maximumSize=,minimumSize=,preferredSize=]
              javax.swing.plaf.basic.BasicInternalFrameTitlePane$NoFocusButton[name=null, text=&apos;&apos;, enabled=true, visible=true, showing=true]
              javax.swing.plaf.basic.BasicInternalFrameTitlePane$NoFocusButton[name=null, text=&apos;&apos;, enabled=true, visible=true, showing=true]
              javax.swing.plaf.basic.BasicInternalFrameTitlePane$NoFocusButton[name=null, text=&apos;&apos;, enabled=true, visible=true, showing=true]
      javax.swing.JMenuBar[]
        javax.swing.JMenu[name=null, text=&apos;Archivo&apos;, selected=false, enabled=true, visible=true, showing=true]
          javax.swing.JPopupMenu[name=null, label=null, enabled=true, visible=false, showing=false]
            javax.swing.JMenuItem[name=&apos;salir&apos;, text=&apos;Salir&apos;, selected=false, enabled=true, visible=true, showing=false]
        javax.swing.JMenu[name=&apos;adminConsultorio&apos;, text=&apos;AdministraciÃ³n Consultorio&apos;, selected=false, enabled=true, visible=true, showing=true]
          javax.swing.JPopupMenu[name=null, label=null, enabled=true, visible=false, showing=false]
            javax.swing.JMenuItem[name=&apos;agregarConsultorio&apos;, text=&apos;Agregar Consultorio&apos;, selected=false, enabled=true, visible=true, showing=false]
            javax.swing.JMenuItem[name=&apos;todosConsultorios&apos;, text=&apos;Ver Lista&apos;, selected=false, enabled=true, visible=true, showing=false]
        javax.swing.JMenu[name=&apos;adminPaciente&apos;, text=&apos;AdministraciÃ³n Pacientes&apos;, selected=false, enabled=true, visible=true, showing=true]
          javax.swing.JPopupMenu[name=null, label=null, enabled=true, visible=false, showing=false]
            javax.swing.JMenuItem[name=&apos;agregarPaciente&apos;, text=&apos;Agregar Paciente&apos;, selected=false, enabled=true, visible=true, showing=false]
            javax.swing.JMenuItem[name=&apos;todosPacientes&apos;, text=&apos;Ver Lista&apos;, selected=false, enabled=true, visible=true, showing=false]
        javax.swing.JMenu[name=&apos;adminCitas&apos;, text=&apos;Administracion de Citas&apos;, selected=false, enabled=true, visible=true, showing=true]
          javax.swing.JPopupMenu[name=null, label=null, enabled=true, visible=false, showing=false]
            javax.swing.JMenuItem[name=&apos;agregarCita&apos;, text=&apos;Agregar Cita&apos;, selected=false, enabled=true, visible=true, showing=false]
            javax.swing.JMenuItem[name=&apos;todasCitas&apos;, text=&apos;Ver Lista&apos;, selected=false, enabled=true, visible=true, showing=false]
" type="org.assertj.swing.exception.ComponentLookupException">org.assertj.swing.exception.ComponentLookupException: Unable to find component using matcher org.assertj.swing.core.NameMatcher[name=&apos;offices&apos;, type=javax.swing.JComboBox, requireShowing=true].

Component hierarchy:
ac.cr.una.proyecto.java.view.PrincipalPanelView[name=&apos;frame3&apos;, title=&apos;Panel Administrativo&apos;, enabled=true, visible=true, showing=true]
  javax.swing.JRootPane[]
    javax.swing.JPanel[name=&apos;null.glassPane&apos;]
    javax.swing.JLayeredPane[]
      javax.swing.JPanel[name=&apos;null.contentPane&apos;]
        javax.swing.JDesktopPane[]
          ac.cr.una.proyecto.java.view.AddOfficeView[,0,0,260x330,invalid,layout=javax.swing.plaf.basic.BasicInternalFrameUI$Handler,alignmentX=0.0,alignmentY=0.0,border=javax.swing.plaf.metal.MetalBorders$InternalFrameBorder@2bb04bc5,flags=264,maximumSize=,minimumSize=,preferredSize=,closable=true,defaultCloseOperation=DISPOSE_ON_CLOSE,desktopIcon=javax.swing.JInternalFrame$JDesktopIcon[,0,0,160x31,invalid,layout=java.awt.BorderLayout,alignmentX=0.0,alignmentY=0.0,border=javax.swing.plaf.BorderUIResource$CompoundBorderUIResource@7491cc0f,flags=8,maximumSize=,minimumSize=,preferredSize=],frameIcon=sun.swing.ImageIconUIResource@4b9f4585,iconable=true,isClosed=false,isIcon=false,isMaximum=false,isSelected=false,maximizable=false,opened=true,resizable=false,rootPane=javax.swing.JRootPane[,5,27,250x298,invalid,layout=javax.swing.JRootPane$RootLayout,alignmentX=0.0,alignmentY=0.0,border=,flags=449,maximumSize=,minimumSize=,preferredSize=],rootPaneCheckingEnabled=true,title=Formulario Nuevo Consultorio]
            javax.swing.JRootPane[]
              javax.swing.JPanel[name=&apos;null.glassPane&apos;]
              javax.swing.JLayeredPane[]
                javax.swing.JPanel[name=&apos;null.contentPane&apos;]
                  javax.swing.JPanel[name=&apos;Form&apos;]
                    javax.swing.JLabel[name=&apos;lblName&apos;, text=&apos;Nombre:&apos;, enabled=true, visible=true, showing=true]
                    javax.swing.JTextField[name=&apos;name&apos;, text=&apos;Clinica Tres Rios&apos;, enabled=true, visible=true, showing=true]
                    javax.swing.JLabel[name=&apos;lblPhone&apos;, text=&apos;Telefono:&apos;, enabled=true, visible=true, showing=true]
                    javax.swing.JTextField[name=&apos;phone&apos;, text=&apos;22796352&apos;, enabled=true, visible=true, showing=true]
                    javax.swing.JLabel[name=&apos;lblDays&apos;, text=&apos;Dias:&apos;, enabled=true, visible=true, showing=true]
                    javax.swing.JTextField[name=&apos;days&apos;, text=&apos;Miercoles&apos;, enabled=true, visible=true, showing=true]
                    javax.swing.JLabel[name=&apos;lblHourStart&apos;, text=&apos;Hora Apertura:&apos;, enabled=true, visible=true, showing=true]
                    javax.swing.JTextField[name=&apos;hourStart&apos;, text=&apos;800 AM&apos;, enabled=true, visible=true, showing=true]
                    javax.swing.JLabel[name=&apos;lblHourEnd&apos;, text=&apos;Hora Cierre:&apos;, enabled=true, visible=true, showing=true]
                    javax.swing.JTextField[name=&apos;hourEnd&apos;, text=&apos;630 PM&apos;, enabled=true, visible=true, showing=true]
                    javax.swing.JButton[name=&apos;ok&apos;, text=&apos;Aceptar&apos;, enabled=true, visible=true, showing=true]
                    javax.swing.JButton[name=&apos;clean&apos;, text=&apos;Limpiar&apos;, enabled=true, visible=true, showing=true]
            javax.swing.plaf.metal.MetalInternalFrameTitlePane[,5,5,250x22,layout=javax.swing.plaf.metal.MetalInternalFrameTitlePane$MetalTitlePaneLayout,alignmentX=0.0,alignmentY=0.0,border=,flags=16777224,maximumSize=,minimumSize=,preferredSize=]
              javax.swing.plaf.basic.BasicInternalFrameTitlePane$NoFocusButton[name=null, text=&apos;&apos;, enabled=true, visible=true, showing=true]
              javax.swing.plaf.basic.BasicInternalFrameTitlePane$NoFocusButton[name=null, text=&apos;&apos;, enabled=true, visible=true, showing=true]
              javax.swing.plaf.basic.BasicInternalFrameTitlePane$NoFocusButton[name=null, text=&apos;&apos;, enabled=true, visible=true, showing=true]
      javax.swing.JMenuBar[]
        javax.swing.JMenu[name=null, text=&apos;Archivo&apos;, selected=false, enabled=true, visible=true, showing=true]
          javax.swing.JPopupMenu[name=null, label=null, enabled=true, visible=false, showing=false]
            javax.swing.JMenuItem[name=&apos;salir&apos;, text=&apos;Salir&apos;, selected=false, enabled=true, visible=true, showing=false]
        javax.swing.JMenu[name=&apos;adminConsultorio&apos;, text=&apos;AdministraciÃ³n Consultorio&apos;, selected=false, enabled=true, visible=true, showing=true]
          javax.swing.JPopupMenu[name=null, label=null, enabled=true, visible=false, showing=false]
            javax.swing.JMenuItem[name=&apos;agregarConsultorio&apos;, text=&apos;Agregar Consultorio&apos;, selected=false, enabled=true, visible=true, showing=false]
            javax.swing.JMenuItem[name=&apos;todosConsultorios&apos;, text=&apos;Ver Lista&apos;, selected=false, enabled=true, visible=true, showing=false]
        javax.swing.JMenu[name=&apos;adminPaciente&apos;, text=&apos;AdministraciÃ³n Pacientes&apos;, selected=false, enabled=true, visible=true, showing=true]
          javax.swing.JPopupMenu[name=null, label=null, enabled=true, visible=false, showing=false]
            javax.swing.JMenuItem[name=&apos;agregarPaciente&apos;, text=&apos;Agregar Paciente&apos;, selected=false, enabled=true, visible=true, showing=false]
            javax.swing.JMenuItem[name=&apos;todosPacientes&apos;, text=&apos;Ver Lista&apos;, selected=false, enabled=true, visible=true, showing=false]
        javax.swing.JMenu[name=&apos;adminCitas&apos;, text=&apos;Administracion de Citas&apos;, selected=false, enabled=true, visible=true, showing=true]
          javax.swing.JPopupMenu[name=null, label=null, enabled=true, visible=false, showing=false]
            javax.swing.JMenuItem[name=&apos;agregarCita&apos;, text=&apos;Agregar Cita&apos;, selected=false, enabled=true, visible=true, showing=false]
            javax.swing.JMenuItem[name=&apos;todasCitas&apos;, text=&apos;Ver Lista&apos;, selected=false, enabled=true, visible=true, showing=false]

	at org.assertj.swing.core.BasicComponentFinder.componentNotFound(BasicComponentFinder.java:287)
	at org.assertj.swing.core.BasicComponentFinder.find(BasicComponentFinder.java:272)
	at org.assertj.swing.core.BasicComponentFinder.find(BasicComponentFinder.java:265)
	at org.assertj.swing.core.BasicComponentFinder.findByName(BasicComponentFinder.java:200)
	at org.assertj.swing.fixture.AbstractContainerFixture.findByName(AbstractContainerFixture.java:622)
	at org.assertj.swing.fixture.AbstractContainerFixture.comboBox(AbstractContainerFixture.java:178)
	at una.ac.cr.consultoriofrontend.AddOfficeJUnitTest.isCorrectInformation(AddOfficeJUnitTest.java:88)
	at sun.reflect.NativeMethodAccessorImpl.invoke0(Native Method)
	at sun.reflect.NativeMethodAccessorImpl.invoke(NativeMethodAccessorImpl.java:62)
	at sun.reflect.DelegatingMethodAccessorImpl.invoke(DelegatingMethodAccessorImpl.java:43)
	at java.lang.reflect.Method.invoke(Method.java:498)
	at org.junit.runners.model.FrameworkMethod$1.runReflectiveCall(FrameworkMethod.java:50)
	at org.junit.internal.runners.model.ReflectiveCallable.run(ReflectiveCallable.java:12)
	at org.junit.runners.model.FrameworkMethod.invokeExplosively(FrameworkMethod.java:47)
	at org.junit.internal.runners.statements.InvokeMethod.evaluate(InvokeMethod.java:17)
	at org.junit.internal.runners.statements.RunBefores.evaluate(RunBefores.java:26)
	at org.junit.internal.runners.statements.RunAfters.evaluate(RunAfters.java:27)
	at org.junit.runners.ParentRunner.runLeaf(ParentRunner.java:325)
	at org.junit.runners.BlockJUnit4ClassRunner.runChild(BlockJUnit4ClassRunner.java:78)
	at org.junit.runners.BlockJUnit4ClassRunner.runChild(BlockJUnit4ClassRunner.java:57)
	at org.junit.runners.ParentRunner$3.run(ParentRunner.java:290)
	at org.junit.runners.ParentRunner$1.schedule(ParentRunner.java:71)
	at org.junit.runners.ParentRunner.runChildren(ParentRunner.java:288)
	at org.junit.runners.ParentRunner.access$000(ParentRunner.java:58)
	at org.junit.runners.ParentRunner$2.evaluate(ParentRunner.java:268)
	at org.junit.runners.ParentRunner.run(ParentRunner.java:363)
	at org.apache.maven.surefire.junit4.JUnit4TestSet.execute(JUnit4TestSet.java:53)
	at org.apache.maven.surefire.junit4.JUnit4Provider.executeTestSet(JUnit4Provider.java:123)
	at org.apache.maven.surefire.junit4.JUnit4Provider.invoke(JUnit4Provider.java:104)
	at sun.reflect.NativeMethodAccessorImpl.invoke0(Native Method)
	at sun.reflect.NativeMethodAccessorImpl.invoke(NativeMethodAccessorImpl.java:62)
	at sun.reflect.DelegatingMethodAccessorImpl.invoke(DelegatingMethodAccessorImpl.java:43)
	at java.lang.reflect.Method.invoke(Method.java:498)
	at org.apache.maven.surefire.util.ReflectionUtils.invokeMethodWithArray(ReflectionUtils.java:164)
	at org.apache.maven.surefire.booter.ProviderFactory$ProviderProxy.invoke(ProviderFactory.java:110)
	at org.apache.maven.surefire.booter.SurefireStarter.invokeProvider(SurefireStarter.java:175)
	at org.apache.maven.surefire.booter.SurefireStarter.runSuitesInProcessWhenForked(SurefireStarter.java:107)
	at org.apache.maven.surefire.booter.ForkedBooter.main(ForkedBooter.java:68)
</error>
  </testcase>
  <testcase classname="una.ac.cr.consultoriofrontend.AddOfficeJUnitTest" name="contentGendersComboBox" time="1.045">
    <error message="Unable to find component using matcher org.assertj.swing.core.NameMatcher[name=&apos;offices&apos;, type=javax.swing.JComboBox, requireShowing=true].

Component hierarchy:
ac.cr.una.proyecto.java.view.PrincipalPanelView[name=&apos;frame4&apos;, title=&apos;Panel Administrativo&apos;, enabled=true, visible=true, showing=true]
  javax.swing.JRootPane[]
    javax.swing.JPanel[name=&apos;null.glassPane&apos;]
    javax.swing.JLayeredPane[]
      javax.swing.JPanel[name=&apos;null.contentPane&apos;]
        javax.swing.JDesktopPane[]
          ac.cr.una.proyecto.java.view.AddOfficeView[,0,0,260x330,layout=javax.swing.plaf.basic.BasicInternalFrameUI$Handler,alignmentX=0.0,alignmentY=0.0,border=javax.swing.plaf.metal.MetalBorders$InternalFrameBorder@2bb04bc5,flags=264,maximumSize=,minimumSize=,preferredSize=,closable=true,defaultCloseOperation=DISPOSE_ON_CLOSE,desktopIcon=javax.swing.JInternalFrame$JDesktopIcon[,0,0,160x31,invalid,layout=java.awt.BorderLayout,alignmentX=0.0,alignmentY=0.0,border=javax.swing.plaf.BorderUIResource$CompoundBorderUIResource@7491cc0f,flags=8,maximumSize=,minimumSize=,preferredSize=],frameIcon=sun.swing.ImageIconUIResource@4b9f4585,iconable=true,isClosed=false,isIcon=false,isMaximum=false,isSelected=false,maximizable=false,opened=true,resizable=false,rootPane=javax.swing.JRootPane[,5,27,250x298,layout=javax.swing.JRootPane$RootLayout,alignmentX=0.0,alignmentY=0.0,border=,flags=449,maximumSize=,minimumSize=,preferredSize=],rootPaneCheckingEnabled=true,title=Formulario Nuevo Consultorio]
            javax.swing.JRootPane[]
              javax.swing.JPanel[name=&apos;null.glassPane&apos;]
              javax.swing.JLayeredPane[]
                javax.swing.JPanel[name=&apos;null.contentPane&apos;]
                  javax.swing.JPanel[name=&apos;Form&apos;]
                    javax.swing.JLabel[name=&apos;lblName&apos;, text=&apos;Nombre:&apos;, enabled=true, visible=true, showing=true]
                    javax.swing.JTextField[name=&apos;name&apos;, text=&apos;&apos;, enabled=true, visible=true, showing=true]
                    javax.swing.JLabel[name=&apos;lblPhone&apos;, text=&apos;Telefono:&apos;, enabled=true, visible=true, showing=true]
                    javax.swing.JTextField[name=&apos;phone&apos;, text=&apos;&apos;, enabled=true, visible=true, showing=true]
                    javax.swing.JLabel[name=&apos;lblDays&apos;, text=&apos;Dias:&apos;, enabled=true, visible=true, showing=true]
                    javax.swing.JTextField[name=&apos;days&apos;, text=&apos;&apos;, enabled=true, visible=true, showing=true]
                    javax.swing.JLabel[name=&apos;lblHourStart&apos;, text=&apos;Hora Apertura:&apos;, enabled=true, visible=true, showing=true]
                    javax.swing.JTextField[name=&apos;hourStart&apos;, text=&apos;&apos;, enabled=true, visible=true, showing=true]
                    javax.swing.JLabel[name=&apos;lblHourEnd&apos;, text=&apos;Hora Cierre:&apos;, enabled=true, visible=true, showing=true]
                    javax.swing.JTextField[name=&apos;hourEnd&apos;, text=&apos;&apos;, enabled=true, visible=true, showing=true]
                    javax.swing.JButton[name=&apos;ok&apos;, text=&apos;Aceptar&apos;, enabled=true, visible=true, showing=true]
                    javax.swing.JButton[name=&apos;clean&apos;, text=&apos;Limpiar&apos;, enabled=true, visible=true, showing=true]
            javax.swing.plaf.metal.MetalInternalFrameTitlePane[,5,5,250x22,layout=javax.swing.plaf.metal.MetalInternalFrameTitlePane$MetalTitlePaneLayout,alignmentX=0.0,alignmentY=0.0,border=,flags=16777224,maximumSize=,minimumSize=,preferredSize=]
              javax.swing.plaf.basic.BasicInternalFrameTitlePane$NoFocusButton[name=null, text=&apos;&apos;, enabled=true, visible=true, showing=true]
              javax.swing.plaf.basic.BasicInternalFrameTitlePane$NoFocusButton[name=null, text=&apos;&apos;, enabled=true, visible=true, showing=true]
              javax.swing.plaf.basic.BasicInternalFrameTitlePane$NoFocusButton[name=null, text=&apos;&apos;, enabled=true, visible=true, showing=true]
      javax.swing.JMenuBar[]
        javax.swing.JMenu[name=null, text=&apos;Archivo&apos;, selected=false, enabled=true, visible=true, showing=true]
          javax.swing.JPopupMenu[name=null, label=null, enabled=true, visible=false, showing=false]
            javax.swing.JMenuItem[name=&apos;salir&apos;, text=&apos;Salir&apos;, selected=false, enabled=true, visible=true, showing=false]
        javax.swing.JMenu[name=&apos;adminConsultorio&apos;, text=&apos;AdministraciÃ³n Consultorio&apos;, selected=false, enabled=true, visible=true, showing=true]
          javax.swing.JPopupMenu[name=null, label=null, enabled=true, visible=false, showing=false]
            javax.swing.JMenuItem[name=&apos;agregarConsultorio&apos;, text=&apos;Agregar Consultorio&apos;, selected=false, enabled=true, visible=true, showing=false]
            javax.swing.JMenuItem[name=&apos;todosConsultorios&apos;, text=&apos;Ver Lista&apos;, selected=false, enabled=true, visible=true, showing=false]
        javax.swing.JMenu[name=&apos;adminPaciente&apos;, text=&apos;AdministraciÃ³n Pacientes&apos;, selected=false, enabled=true, visible=true, showing=true]
          javax.swing.JPopupMenu[name=null, label=null, enabled=true, visible=false, showing=false]
            javax.swing.JMenuItem[name=&apos;agregarPaciente&apos;, text=&apos;Agregar Paciente&apos;, selected=false, enabled=true, visible=true, showing=false]
            javax.swing.JMenuItem[name=&apos;todosPacientes&apos;, text=&apos;Ver Lista&apos;, selected=false, enabled=true, visible=true, showing=false]
        javax.swing.JMenu[name=&apos;adminCitas&apos;, text=&apos;Administracion de Citas&apos;, selected=false, enabled=true, visible=true, showing=true]
          javax.swing.JPopupMenu[name=null, label=null, enabled=true, visible=false, showing=false]
            javax.swing.JMenuItem[name=&apos;agregarCita&apos;, text=&apos;Agregar Cita&apos;, selected=false, enabled=true, visible=true, showing=false]
            javax.swing.JMenuItem[name=&apos;todasCitas&apos;, text=&apos;Ver Lista&apos;, selected=false, enabled=true, visible=true, showing=false]
" type="org.assertj.swing.exception.ComponentLookupException">org.assertj.swing.exception.ComponentLookupException: Unable to find component using matcher org.assertj.swing.core.NameMatcher[name=&apos;offices&apos;, type=javax.swing.JComboBox, requireShowing=true].

Component hierarchy:
ac.cr.una.proyecto.java.view.PrincipalPanelView[name=&apos;frame4&apos;, title=&apos;Panel Administrativo&apos;, enabled=true, visible=true, showing=true]
  javax.swing.JRootPane[]
    javax.swing.JPanel[name=&apos;null.glassPane&apos;]
    javax.swing.JLayeredPane[]
      javax.swing.JPanel[name=&apos;null.contentPane&apos;]
        javax.swing.JDesktopPane[]
          ac.cr.una.proyecto.java.view.AddOfficeView[,0,0,260x330,layout=javax.swing.plaf.basic.BasicInternalFrameUI$Handler,alignmentX=0.0,alignmentY=0.0,border=javax.swing.plaf.metal.MetalBorders$InternalFrameBorder@2bb04bc5,flags=264,maximumSize=,minimumSize=,preferredSize=,closable=true,defaultCloseOperation=DISPOSE_ON_CLOSE,desktopIcon=javax.swing.JInternalFrame$JDesktopIcon[,0,0,160x31,invalid,layout=java.awt.BorderLayout,alignmentX=0.0,alignmentY=0.0,border=javax.swing.plaf.BorderUIResource$CompoundBorderUIResource@7491cc0f,flags=8,maximumSize=,minimumSize=,preferredSize=],frameIcon=sun.swing.ImageIconUIResource@4b9f4585,iconable=true,isClosed=false,isIcon=false,isMaximum=false,isSelected=false,maximizable=false,opened=true,resizable=false,rootPane=javax.swing.JRootPane[,5,27,250x298,layout=javax.swing.JRootPane$RootLayout,alignmentX=0.0,alignmentY=0.0,border=,flags=449,maximumSize=,minimumSize=,preferredSize=],rootPaneCheckingEnabled=true,title=Formulario Nuevo Consultorio]
            javax.swing.JRootPane[]
              javax.swing.JPanel[name=&apos;null.glassPane&apos;]
              javax.swing.JLayeredPane[]
                javax.swing.JPanel[name=&apos;null.contentPane&apos;]
                  javax.swing.JPanel[name=&apos;Form&apos;]
                    javax.swing.JLabel[name=&apos;lblName&apos;, text=&apos;Nombre:&apos;, enabled=true, visible=true, showing=true]
                    javax.swing.JTextField[name=&apos;name&apos;, text=&apos;&apos;, enabled=true, visible=true, showing=true]
                    javax.swing.JLabel[name=&apos;lblPhone&apos;, text=&apos;Telefono:&apos;, enabled=true, visible=true, showing=true]
                    javax.swing.JTextField[name=&apos;phone&apos;, text=&apos;&apos;, enabled=true, visible=true, showing=true]
                    javax.swing.JLabel[name=&apos;lblDays&apos;, text=&apos;Dias:&apos;, enabled=true, visible=true, showing=true]
                    javax.swing.JTextField[name=&apos;days&apos;, text=&apos;&apos;, enabled=true, visible=true, showing=true]
                    javax.swing.JLabel[name=&apos;lblHourStart&apos;, text=&apos;Hora Apertura:&apos;, enabled=true, visible=true, showing=true]
                    javax.swing.JTextField[name=&apos;hourStart&apos;, text=&apos;&apos;, enabled=true, visible=true, showing=true]
                    javax.swing.JLabel[name=&apos;lblHourEnd&apos;, text=&apos;Hora Cierre:&apos;, enabled=true, visible=true, showing=true]
                    javax.swing.JTextField[name=&apos;hourEnd&apos;, text=&apos;&apos;, enabled=true, visible=true, showing=true]
                    javax.swing.JButton[name=&apos;ok&apos;, text=&apos;Aceptar&apos;, enabled=true, visible=true, showing=true]
                    javax.swing.JButton[name=&apos;clean&apos;, text=&apos;Limpiar&apos;, enabled=true, visible=true, showing=true]
            javax.swing.plaf.metal.MetalInternalFrameTitlePane[,5,5,250x22,layout=javax.swing.plaf.metal.MetalInternalFrameTitlePane$MetalTitlePaneLayout,alignmentX=0.0,alignmentY=0.0,border=,flags=16777224,maximumSize=,minimumSize=,preferredSize=]
              javax.swing.plaf.basic.BasicInternalFrameTitlePane$NoFocusButton[name=null, text=&apos;&apos;, enabled=true, visible=true, showing=true]
              javax.swing.plaf.basic.BasicInternalFrameTitlePane$NoFocusButton[name=null, text=&apos;&apos;, enabled=true, visible=true, showing=true]
              javax.swing.plaf.basic.BasicInternalFrameTitlePane$NoFocusButton[name=null, text=&apos;&apos;, enabled=true, visible=true, showing=true]
      javax.swing.JMenuBar[]
        javax.swing.JMenu[name=null, text=&apos;Archivo&apos;, selected=false, enabled=true, visible=true, showing=true]
          javax.swing.JPopupMenu[name=null, label=null, enabled=true, visible=false, showing=false]
            javax.swing.JMenuItem[name=&apos;salir&apos;, text=&apos;Salir&apos;, selected=false, enabled=true, visible=true, showing=false]
        javax.swing.JMenu[name=&apos;adminConsultorio&apos;, text=&apos;AdministraciÃ³n Consultorio&apos;, selected=false, enabled=true, visible=true, showing=true]
          javax.swing.JPopupMenu[name=null, label=null, enabled=true, visible=false, showing=false]
            javax.swing.JMenuItem[name=&apos;agregarConsultorio&apos;, text=&apos;Agregar Consultorio&apos;, selected=false, enabled=true, visible=true, showing=false]
            javax.swing.JMenuItem[name=&apos;todosConsultorios&apos;, text=&apos;Ver Lista&apos;, selected=false, enabled=true, visible=true, showing=false]
        javax.swing.JMenu[name=&apos;adminPaciente&apos;, text=&apos;AdministraciÃ³n Pacientes&apos;, selected=false, enabled=true, visible=true, showing=true]
          javax.swing.JPopupMenu[name=null, label=null, enabled=true, visible=false, showing=false]
            javax.swing.JMenuItem[name=&apos;agregarPaciente&apos;, text=&apos;Agregar Paciente&apos;, selected=false, enabled=true, visible=true, showing=false]
            javax.swing.JMenuItem[name=&apos;todosPacientes&apos;, text=&apos;Ver Lista&apos;, selected=false, enabled=true, visible=true, showing=false]
        javax.swing.JMenu[name=&apos;adminCitas&apos;, text=&apos;Administracion de Citas&apos;, selected=false, enabled=true, visible=true, showing=true]
          javax.swing.JPopupMenu[name=null, label=null, enabled=true, visible=false, showing=false]
            javax.swing.JMenuItem[name=&apos;agregarCita&apos;, text=&apos;Agregar Cita&apos;, selected=false, enabled=true, visible=true, showing=false]
            javax.swing.JMenuItem[name=&apos;todasCitas&apos;, text=&apos;Ver Lista&apos;, selected=false, enabled=true, visible=true, showing=false]

	at org.assertj.swing.core.BasicComponentFinder.componentNotFound(BasicComponentFinder.java:287)
	at org.assertj.swing.core.BasicComponentFinder.find(BasicComponentFinder.java:272)
	at org.assertj.swing.core.BasicComponentFinder.find(BasicComponentFinder.java:265)
	at org.assertj.swing.core.BasicComponentFinder.findByName(BasicComponentFinder.java:200)
	at org.assertj.swing.fixture.AbstractContainerFixture.findByName(AbstractContainerFixture.java:622)
	at org.assertj.swing.fixture.AbstractContainerFixture.comboBox(AbstractContainerFixture.java:178)
	at una.ac.cr.consultoriofrontend.AddOfficeJUnitTest.contentGendersComboBox(AddOfficeJUnitTest.java:74)
	at sun.reflect.NativeMethodAccessorImpl.invoke0(Native Method)
	at sun.reflect.NativeMethodAccessorImpl.invoke(NativeMethodAccessorImpl.java:62)
	at sun.reflect.DelegatingMethodAccessorImpl.invoke(DelegatingMethodAccessorImpl.java:43)
	at java.lang.reflect.Method.invoke(Method.java:498)
	at org.junit.runners.model.FrameworkMethod$1.runReflectiveCall(FrameworkMethod.java:50)
	at org.junit.internal.runners.model.ReflectiveCallable.run(ReflectiveCallable.java:12)
	at org.junit.runners.model.FrameworkMethod.invokeExplosively(FrameworkMethod.java:47)
	at org.junit.internal.runners.statements.InvokeMethod.evaluate(InvokeMethod.java:17)
	at org.junit.internal.runners.statements.RunBefores.evaluate(RunBefores.java:26)
	at org.junit.internal.runners.statements.RunAfters.evaluate(RunAfters.java:27)
	at org.junit.runners.ParentRunner.runLeaf(ParentRunner.java:325)
	at org.junit.runners.BlockJUnit4ClassRunner.runChild(BlockJUnit4ClassRunner.java:78)
	at org.junit.runners.BlockJUnit4ClassRunner.runChild(BlockJUnit4ClassRunner.java:57)
	at org.junit.runners.ParentRunner$3.run(ParentRunner.java:290)
	at org.junit.runners.ParentRunner$1.schedule(ParentRunner.java:71)
	at org.junit.runners.ParentRunner.runChildren(ParentRunner.java:288)
	at org.junit.runners.ParentRunner.access$000(ParentRunner.java:58)
	at org.junit.runners.ParentRunner$2.evaluate(ParentRunner.java:268)
	at org.junit.runners.ParentRunner.run(ParentRunner.java:363)
	at org.apache.maven.surefire.junit4.JUnit4TestSet.execute(JUnit4TestSet.java:53)
	at org.apache.maven.surefire.junit4.JUnit4Provider.executeTestSet(JUnit4Provider.java:123)
	at org.apache.maven.surefire.junit4.JUnit4Provider.invoke(JUnit4Provider.java:104)
	at sun.reflect.NativeMethodAccessorImpl.invoke0(Native Method)
	at sun.reflect.NativeMethodAccessorImpl.invoke(NativeMethodAccessorImpl.java:62)
	at sun.reflect.DelegatingMethodAccessorImpl.invoke(DelegatingMethodAccessorImpl.java:43)
	at java.lang.reflect.Method.invoke(Method.java:498)
	at org.apache.maven.surefire.util.ReflectionUtils.invokeMethodWithArray(ReflectionUtils.java:164)
	at org.apache.maven.surefire.booter.ProviderFactory$ProviderProxy.invoke(ProviderFactory.java:110)
	at org.apache.maven.surefire.booter.SurefireStarter.invokeProvider(SurefireStarter.java:175)
	at org.apache.maven.surefire.booter.SurefireStarter.runSuitesInProcessWhenForked(SurefireStarter.java:107)
	at org.apache.maven.surefire.booter.ForkedBooter.main(ForkedBooter.java:68)
</error>
  </testcase>
</testsuite>